<?xml version="1.0" encoding="UTF-8"?>
<!-- Generated by org.testng.reporters.JUnitReportReporter -->
<testsuite hostname="LAPTOP-SU570FMD" failures="0" tests="4" name="testLayer.Shoppingcart" time="87.592" errors="0" timestamp="2023-11-07T01:07:45 GMT-08:00" skipped="0">
  <testcase classname="testLayer.Shoppingcart" name="additems" time="21.379"/>
  <system-out/>
  <testcase classname="testLayer.Shoppingcart" name="removeitemsfromcart" time="22.392"/>
  <system-out/>
  <testcase classname="testLayer.Shoppingcart" name="itemQuantitytest" time="21.940"/>
  <system-out/>
  <testcase classname="testLayer.Shoppingcart" name="deleteallitems" time="21.881"/>
  <system-out/>
</testsuite> <!-- testLayer.Shoppingcart -->
