<?xml version="1.0" encoding="UTF-8"?>
<!-- Generated by org.testng.reporters.JUnitReportReporter -->
<testsuite hostname="LAPTOP-SU570FMD" failures="0" tests="6" name="testLayer.AmazonActions" time="133.673" errors="0" timestamp="2023-11-07T01:07:45 GMT-08:00" skipped="0">
  <testcase classname="testLayer.AmazonActions" name="filters" time="20.841"/>
  <system-out/>
  <testcase classname="testLayer.AmazonActions" name="sort" time="18.077"/>
  <system-out/>
  <testcase classname="testLayer.AmazonActions" name="duplicate" time="18.968"/>
  <system-out/>
  <testcase classname="testLayer.AmazonActions" name="Search" time="23.749"/>
  <system-out/>
  <testcase classname="testLayer.AmazonActions" name="multiplefilters" time="32.477"/>
  <system-out/>
  <testcase classname="testLayer.AmazonActions" name="pagination" time="19.561"/>
  <system-out/>
</testsuite> <!-- testLayer.AmazonActions -->
